<?xml version="1.0" encoding="UTF-8"?>
<!-- Generated by org.testng.reporters.JUnitReportReporter -->
<testsuite hostname="LAPTOP-59O4S4E6" failures="0" tests="1" name="tests.LoginTest" time="13.158" errors="0" timestamp="2025-06-20T20:53:57 IST" skipped="0">
  <testcase classname="tests.LoginTest" name="testValidateLogin" time="13.158"/>
</testsuite> <!-- tests.LoginTest -->
