<?xml version="1.0" encoding="UTF-8"?>
<!-- Generated by org.testng.reporters.JUnitReportReporter -->
<testsuite hostname="IM-LP-2261" failures="0" tests="1" name="tests.LoginTest" time="6.400" errors="0" timestamp="2025-06-20T18:24:35 IST" skipped="0">
  <testcase classname="tests.LoginTest" name="testValidateLogin" time="6.400"/>
</testsuite> <!-- tests.LoginTest -->
